# JRE version: Java(TM) SE Runtime Environment (8.0_131-b11) (build 1.8.0_131-b11)
# Java VM: Java HotSpot(TM) 64-Bit Server VM (25.131-b11 mixed mode linux-amd64 compressed oops)
Heap:
 PSYoungGen      total 318464K, used 5197K [0x00000000e1580000, 0x00000000f5680000, 0x0000000100000000)
  eden space 308224K, 0% used [0x00000000e1580000,0x00000000e1580000,0x00000000f4280000)
  from space 10240K, 50% used [0x00000000f4280000,0x00000000f4793448,0x00000000f4c80000)
  to   space 10240K, 0% used [0x00000000f4c80000,0x00000000f4c80000,0x00000000f5680000)
 ParOldGen       total 62976K, used 24340K [0x00000000a4000000, 0x00000000a7d80000, 0x00000000e1580000)
  object space 62976K, 38% used [0x00000000a4000000,0x00000000a57c51b0,0x00000000a7d80000)
 Metaspace       used 19521K, capacity 19663K, committed 20096K, reserved 1067008K
  class space    used 2264K, capacity 2326K, committed 2432K, reserved 1048576K
GC Heap History (10 events):
Event: 13,107 GC heap after
Heap after GC invocations=6 (full 0):
 PSYoungGen      total 105472K, used 5089K [0x00000000e1580000, 0x00000000e8680000, 0x0000000100000000)
  eden space 96256K, 0% used [0x00000000e1580000,0x00000000e1580000,0x00000000e7380000)
  from space 9216K, 55% used [0x00000000e7d80000,0x00000000e8278578,0x00000000e8680000)
  to   space 9728K, 0% used [0x00000000e7380000,0x00000000e7380000,0x00000000e7d00000)
 ParOldGen       total 62976K, used 15590K [0x00000000a4000000, 0x00000000a7d80000, 0x00000000e1580000)
  object space 62976K, 24% used [0x00000000a4000000,0x00000000a4f39800,0x00000000a7d80000)
 Metaspace       used 17069K, capacity 17187K, committed 17536K, reserved 1064960K
  class space    used 2046K, capacity 2100K, committed 2176K, reserved 1048576K
}
Event: 15,002 GC heap before
{Heap before GC invocations=7 (full 0):
 PSYoungGen      total 105472K, used 101345K [0x00000000e1580000, 0x00000000e8680000, 0x0000000100000000)
  eden space 96256K, 100% used [0x00000000e1580000,0x00000000e7380000,0x00000000e7380000)
  from space 9216K, 55% used [0x00000000e7d80000,0x00000000e8278578,0x00000000e8680000)
  to   space 9728K, 0% used [0x00000000e7380000,0x00000000e7380000,0x00000000e7d00000)
 ParOldGen       total 62976K, used 15590K [0x00000000a4000000, 0x00000000a7d80000, 0x00000000e1580000)
  object space 62976K, 24% used [0x00000000a4000000,0x00000000a4f39800,0x00000000a7d80000)
 Metaspace       used 17152K, capacity 17251K, committed 17536K, reserved 1064960K
  class space    used 2056K, capacity 2100K, committed 2176K, reserved 1048576K
Event: 15,067 GC heap after
Heap after GC invocations=7 (full 0):
 PSYoungGen      total 105984K, used 4288K [0x00000000e1580000, 0x00000000ee580000, 0x0000000100000000)
  eden space 96256K, 0% used [0x00000000e1580000,0x00000000e1580000,0x00000000e7380000)
  from space 9728K, 44% used [0x00000000e7380000,0x00000000e77b0030,0x00000000e7d00000)
  to   space 10240K, 0% used [0x00000000edb80000,0x00000000edb80000,0x00000000ee580000)
 ParOldGen       total 62976K, used 18108K [0x00000000a4000000, 0x00000000a7d80000, 0x00000000e1580000)
  object space 62976K, 28% used [0x00000000a4000000,0x00000000a51af020,0x00000000a7d80000)
 Metaspace       used 17152K, capacity 17251K, committed 17536K, reserved 1064960K
  class space    used 2056K, capacity 2100K, committed 2176K, reserved 1048576K
}
Event: 16,012 GC heap before
{Heap before GC invocations=8 (full 0):
 PSYoungGen      total 105984K, used 100544K [0x00000000e1580000, 0x00000000ee580000, 0x0000000100000000)
  eden space 96256K, 100% used [0x00000000e1580000,0x00000000e7380000,0x00000000e7380000)
  from space 9728K, 44% used [0x00000000e7380000,0x00000000e77b0030,0x00000000e7d00000)
  to   space 10240K, 0% used [0x00000000edb80000,0x00000000edb80000,0x00000000ee580000)
 ParOldGen       total 62976K, used 18108K [0x00000000a4000000, 0x00000000a7d80000, 0x00000000e1580000)
  object space 62976K, 28% used [0x00000000a4000000,0x00000000a51af020,0x00000000a7d80000)
 Metaspace       used 17156K, capacity 17251K, committed 17536K, reserved 1064960K
  class space    used 2056K, capacity 2100K, committed 2176K, reserved 1048576K
Event: 16,072 GC heap after
Heap after GC invocations=8 (full 0):
 PSYoungGen      total 201728K, used 4064K [0x00000000e1580000, 0x00000000ee480000, 0x0000000100000000)
  eden space 192512K, 0% used [0x00000000e1580000,0x00000000e1580000,0x00000000ed180000)
  from space 9216K, 44% used [0x00000000edb80000,0x00000000edf78030,0x00000000ee480000)
  to   space 9728K, 0% used [0x00000000ed180000,0x00000000ed180000,0x00000000edb00000)
 ParOldGen       total 62976K, used 18876K [0x00000000a4000000, 0x00000000a7d80000, 0x00000000e1580000)
  object space 62976K, 29% used [0x00000000a4000000,0x00000000a526f020,0x00000000a7d80000)
 Metaspace       used 17156K, capacity 17251K, committed 17536K, reserved 1064960K
  class space    used 2056K, capacity 2100K, committed 2176K, reserved 1048576K
}
Event: 17,999 GC heap before
{Heap before GC invocations=9 (full 0):
 PSYoungGen      total 201728K, used 196576K [0x00000000e1580000, 0x00000000ee480000, 0x0000000100000000)
  eden space 192512K, 100% used [0x00000000e1580000,0x00000000ed180000,0x00000000ed180000)
  from space 9216K, 44% used [0x00000000edb80000,0x00000000edf78030,0x00000000ee480000)
  to   space 9728K, 0% used [0x00000000ed180000,0x00000000ed180000,0x00000000edb00000)
 ParOldGen       total 62976K, used 18876K [0x00000000a4000000, 0x00000000a7d80000, 0x00000000e1580000)
  object space 62976K, 29% used [0x00000000a4000000,0x00000000a526f020,0x00000000a7d80000)
 Metaspace       used 17156K, capacity 17251K, committed 17536K, reserved 1064960K
  class space    used 2056K, capacity 2100K, committed 2176K, reserved 1048576K
Event: 18,036 GC heap after
Heap after GC invocations=9 (full 0):
 PSYoungGen      total 202240K, used 3456K [0x00000000e1580000, 0x00000000f5680000, 0x0000000100000000)
  eden space 192512K, 0% used [0x00000000e1580000,0x00000000e1580000,0x00000000ed180000)
  from space 9728K, 35% used [0x00000000ed180000,0x00000000ed4e0050,0x00000000edb00000)
  to   space 10240K, 0% used [0x00000000f4c80000,0x00000000f4c80000,0x00000000f5680000)
 ParOldGen       total 62976K, used 20308K [0x00000000a4000000, 0x00000000a7d80000, 0x00000000e1580000)
  object space 62976K, 32% used [0x00000000a4000000,0x00000000a53d5060,0x00000000a7d80000)
 Metaspace       used 17156K, capacity 17251K, committed 17536K, reserved 1064960K
  class space    used 2056K, capacity 2100K, committed 2176K, reserved 1048576K
}
Event: 19,328 GC heap before
{Heap before GC invocations=10 (full 0):
 PSYoungGen      total 202240K, used 195968K [0x00000000e1580000, 0x00000000f5680000, 0x0000000100000000)
  eden space 192512K, 100% used [0x00000000e1580000,0x00000000ed180000,0x00000000ed180000)
  from space 9728K, 35% used [0x00000000ed180000,0x00000000ed4e0050,0x00000000edb00000)
  to   space 10240K, 0% used [0x00000000f4c80000,0x00000000f4c80000,0x00000000f5680000)
 ParOldGen       total 62976K, used 20308K [0x00000000a4000000, 0x00000000a7d80000, 0x00000000e1580000)
  object space 62976K, 32% used [0x00000000a4000000,0x00000000a53d5060,0x00000000a7d80000)
 Metaspace       used 17156K, capacity 17251K, committed 17536K, reserved 1064960K
  class space    used 2056K, capacity 2100K, committed 2176K, reserved 1048576K
Event: 19,347 GC heap after
Heap after GC invocations=10 (full 0):
 PSYoungGen      total 318464K, used 1536K [0x00000000e1580000, 0x00000000f5680000, 0x0000000100000000)
  eden space 308224K, 0% used [0x00000000e1580000,0x00000000e1580000,0x00000000f4280000)
  from space 10240K, 15% used [0x00000000f4c80000,0x00000000f4e00020,0x00000000f5680000)
  to   space 10240K, 0% used [0x00000000f4280000,0x00000000f4280000,0x00000000f4c80000)
 ParOldGen       total 62976K, used 22852K [0x00000000a4000000, 0x00000000a7d80000, 0x00000000e1580000)
  object space 62976K, 36% used [0x00000000a4000000,0x00000000a56510c0,0x00000000a7d80000)
 Metaspace       used 17156K, capacity 17251K, committed 17536K, reserved 1064960K
  class space    used 2056K, capacity 2100K, committed 2176K, reserved 1048576K
}
Event: 30,083 GC heap before
{Heap before GC invocations=11 (full 0):
 PSYoungGen      total 318464K, used 309759K [0x00000000e1580000, 0x00000000f5680000, 0x0000000100000000)
  eden space 308224K, 99% used [0x00000000e1580000,0x00000000f427fee0,0x00000000f4280000)
  from space 10240K, 15% used [0x00000000f4c80000,0x00000000f4e00020,0x00000000f5680000)
  to   space 10240K, 0% used [0x00000000f4280000,0x00000000f4280000,0x00000000f4c80000)
 ParOldGen       total 62976K, used 22852K [0x00000000a4000000, 0x00000000a7d80000, 0x00000000e1580000)
  object space 62976K, 36% used [0x00000000a4000000,0x00000000a56510c0,0x00000000a7d80000)
 Metaspace       used 19521K, capacity 19663K, committed 20096K, reserved 1067008K
  class space    used 2264K, capacity 2326K, committed 2432K, reserved 1048576K

